[INFO] Scanning for projects...
[INFO]                                                                         
[INFO] ------------------------------------------------------------------------
[INFO] Building jitsi-videobridge 1.0-SNAPSHOT
[INFO] ------------------------------------------------------------------------
[INFO] 
[INFO] --- maven-resources-plugin:2.3:resources (default-resources) @ jitsi-videobridge ---
[INFO] Using 'UTF-8' encoding to copy filtered resources.
[INFO] skip non existing resourceDirectory /users/dpauwels/jitsi-videobridge/src/main/resources
[INFO] 
[INFO] --- maven-compiler-plugin:3.5.1:compile (default-compile) @ jitsi-videobridge ---
[INFO] Nothing to compile - all classes are up to date
[INFO] 
[INFO] --- exec-maven-plugin:1.4.0:java (default-cli) @ jitsi-videobridge ---
SLF4J: Class path contains multiple SLF4J bindings.
SLF4J: Found binding in [jar:file:/users/dpauwels/.m2/repository/org/slf4j/slf4j-simple/1.6.1/slf4j-simple-1.6.1.jar!/org/slf4j/impl/StaticLoggerBinder.class]
SLF4J: Found binding in [jar:file:/users/dpauwels/.m2/repository/org/slf4j/slf4j-jdk14/1.7.7/slf4j-jdk14-1.7.7.jar!/org/slf4j/impl/StaticLoggerBinder.class]
SLF4J: See http://www.slf4j.org/codes.html#multiple_bindings for an explanation.
SLF4J: Actual binding is of type [org.slf4j.impl.SimpleLoggerFactory]
[RtpChannel] MediaService org.jitsi.impl.neomedia.MediaServiceImpl@68e71d73, MediaType audio
[RtpChannel] No SSRCS
[RtpChannel] MediaService org.jitsi.impl.neomedia.MediaServiceImpl@68e71d73, MediaType video
[RtpChannel] No SSRCS
[RtpChannel] MediaService org.jitsi.impl.neomedia.MediaServiceImpl@68e71d73, MediaType audio
[RtpChannel] No SSRCS
[RtpChannel] MediaService org.jitsi.impl.neomedia.MediaServiceImpl@68e71d73, MediaType video
[RtpChannel] No SSRCS
[RtpChannel] No SSRCS
[RtpChannel] No SSRCS
[RtpChannel] No SSRCS
[RtpChannel] No SSRCS
=====>: org_jitsi_sctp4j_Sctp.c calling init
=====>: org_jitsi_sctp4j_Sctp.c about to set SCTP_DEBUG_ALL
=====>: org_jitsi_sctp4j_Sctp.c setting SCTP_DEBUG_ALL
[RtpChannel] No SSRCS
[RtpChannel] No SSRCS
[RtpChannel] No SSRCS
[RtpChannel] No SSRCS
[RtpChannel] No SSRCS
[RtpChannel] No SSRCS
[RtpChannel] No SSRCS
[RtpChannel] No SSRCS
[RtpChannel] No SSRCS
[RtpChannel] No SSRCS
[RtpChannel] No SSRCS
[RtpChannel] No SSRCS
[RtpChannel] No SSRCS
[RtpChannel] No SSRCS
[RtpChannel] No SSRCS
[RtpChannel] No SSRCS
[RtpChannel] No SSRCS
[RtpChannel] No SSRCS
[RtpChannel] No SSRCS
[RtpChannel] No SSRCS
[RtpChannel] No SSRCS
[RtpChannel] No SSRCS
[RtpChannel] No SSRCS
[RtpChannel] No SSRCS
[RtpChannel] No SSRCS
[RtpChannel] No SSRCS
[RtpChannel] No SSRCS
[RtpChannel] No SSRCS
[RtpChannel] No SSRCS
[RtpChannel] No SSRCS
[RtpChannel] No SSRCS
[RtpChannel] No SSRCS
[RtpChannel] No SSRCS
[RtpChannel] No SSRCS
[RtpChannel] No SSRCS
[RtpChannel] No SSRCS
[RtpChannel] No SSRCS
[RtpChannel] No SSRCS
[RtpChannel] No SSRCS
[RtpChannel] No SSRCS
[RtpChannel] No SSRCS
[RtpChannel] No SSRCS
[RtpChannel] No SSRCS
[RtpChannel] No SSRCS
[RtpChannel] No SSRCS
[RtpChannel] No SSRCS
[RtpChannel] No SSRCS
[RtpChannel] No SSRCS
[RtpChannel] No SSRCS
[RtpChannel] No SSRCS
[RtpChannel] No SSRCS
[RtpChannel] No SSRCS
[RtpChannel] MediaService org.jitsi.impl.neomedia.MediaServiceImpl@68e71d73, MediaType audio
[RtpChannel] No SSRCS
[RtpChannel] MediaService org.jitsi.impl.neomedia.MediaServiceImpl@68e71d73, MediaType video
[RtpChannel] No SSRCS
[RtpChannel] No SSRCS
[RtpChannel] No SSRCS
[RtpChannel] No SSRCS
[RtpChannel] No SSRCS
[RtpChannel] No SSRCS
[RtpChannel] No SSRCS
[RtpChannel] No SSRCS
[RtpChannel] No SSRCS
[RtpChannel] No SSRCS
[RtpChannel] No SSRCS
[RtpChannel] No SSRCS
[RtpChannel] No SSRCS
[RtpChannel] No SSRCS
[RtpChannel] No SSRCS
[RtpChannel] No SSRCS
[RtpChannel] No SSRCS
[RtpChannel] No SSRCS
[RtpChannel] No SSRCS
[RtpChannel] No SSRCS
[RtpChannel] No SSRCS
[RtpChannel] No SSRCS
[RtpChannel] No SSRCS
[RtpChannel] No SSRCS
[RtpChannel] No SSRCS
[RtpChannel] No SSRCS
[RtpChannel] No SSRCS
[RtpChannel] No SSRCS
[RtpChannel] No SSRCS
[RtpChannel] No SSRCS
[RtpChannel] No SSRCS
[RtpChannel] No SSRCS
[RtpChannel] No SSRCS
[RtpChannel] No SSRCS
[RtpChannel] No SSRCS
[RtpChannel] No SSRCS
[RtpChannel] No SSRCS
[RtpChannel] No SSRCS
[RtpChannel] No SSRCS
[RtpChannel] No SSRCS
[RtpChannel] No SSRCS
[RtpChannel] No SSRCS
[RtpChannel] No SSRCS
[RtpChannel] No SSRCS
[RtpChannel] No SSRCS
[RtpChannel] No SSRCS
[RtpChannel] No SSRCS
[RtpChannel] No SSRCS
[RtpChannel] No SSRCS
[RtpChannel] No SSRCS
[RtpChannel] No SSRCS
[RtpChannel] No SSRCS
[RtpChannel] No SSRCS
[RtpChannel] No SSRCS
[RtpChannel] No SSRCS
[RtpChannel] No SSRCS
[RtpChannel] No SSRCS
[RtpChannel] No SSRCS
[RtpChannel] No SSRCS
[RtpChannel] No SSRCS
[RtpChannel] No SSRCS
[RtpChannel] No SSRCS
[RtpChannel] No SSRCS
[RtpChannel] No SSRCS
[RtpChannel] No SSRCS
[RtpChannel] No SSRCS
[RtpChannel] No SSRCS
[RtpChannel] No SSRCS
[RtpChannel] No SSRCS
[RtpChannel] No SSRCS
[RtpChannel] No SSRCS
[RtpChannel] No SSRCS
[RtpChannel] No SSRCS
[RtpChannel] No SSRCS
[RtpChannel] No SSRCS
[RtpChannel] No SSRCS
[RtpChannel] No SSRCS
[RtpChannel] No SSRCS
[RtpChannel] No SSRCS
[RtpChannel] No SSRCS
[RtpChannel] No SSRCS
[RtpChannel] No SSRCS
[RtpChannel] No SSRCS
[RtpChannel] No SSRCS
[RtpChannel] No SSRCS
[RtpChannel] No SSRCS
[RtpChannel] No SSRCS
[RtpChannel] No SSRCS
[RtpChannel] No SSRCS
[RtpChannel] No SSRCS
[RtpChannel] No SSRCS
[RtpChannel] No SSRCS
[RtpChannel] No SSRCS
[RtpChannel] No SSRCS
[RtpChannel] No SSRCS
[RtpChannel] No SSRCS
[RtpChannel] No SSRCS
[RtpChannel] No SSRCS
[RtpChannel] No SSRCS
[RtpChannel] No SSRCS
[RtpChannel] No SSRCS
[RtpChannel] No SSRCS
[RtpChannel] No SSRCS
[RtpChannel] No SSRCS
[RtpChannel] No SSRCS
[RtpChannel] No SSRCS
[RtpChannel] No SSRCS
[RtpChannel] No SSRCS
[RtpChannel] No SSRCS
[RtpChannel] No SSRCS
[RtpChannel] No SSRCS
[RtpChannel] No SSRCS
[RtpChannel] No SSRCS
[RtpChannel] No SSRCS
[RtpChannel] No SSRCS
[RtpChannel] No SSRCS
[RtpChannel] No SSRCS
[RtpChannel] No SSRCS
[RtpChannel] No SSRCS
[RtpChannel] No SSRCS
[RtpChannel] No SSRCS
[RtpChannel] No SSRCS
[RtpChannel] No SSRCS
[RtpChannel] No SSRCS
[RtpChannel] No SSRCS
[RtpChannel] No SSRCS
[RtpChannel] No SSRCS
[RtpChannel] No SSRCS
[RtpChannel] No SSRCS
[RtpChannel] No SSRCS
[RtpChannel] No SSRCS
[RtpChannel] No SSRCS
[RtpChannel] No SSRCS
[RtpChannel] No SSRCS
[RtpChannel] No SSRCS
[RtpChannel] No SSRCS
[RtpChannel] No SSRCS
[RtpChannel] No SSRCS
[RtpChannel] No SSRCS
[RtpChannel] No SSRCS
[RtpChannel] No SSRCS
[RtpChannel] No SSRCS
[RtpChannel] No SSRCS
[RtpChannel] No SSRCS
[RtpChannel] No SSRCS
[RtpChannel] No SSRCS
[RtpChannel] No SSRCS
[RtpChannel] No SSRCS
[RtpChannel] No SSRCS
[RtpChannel] No SSRCS
[RtpChannel] No SSRCS
[RtpChannel] No SSRCS
[RtpChannel] No SSRCS
[RtpChannel] No SSRCS
[RtpChannel] No SSRCS
[RtpChannel] No SSRCS
[RtpChannel] No SSRCS
[RtpChannel] No SSRCS
[RtpChannel] No SSRCS
[RtpChannel] No SSRCS
[RtpChannel] No SSRCS
[RtpChannel] No SSRCS
[RtpChannel] No SSRCS
[RtpChannel] No SSRCS
[RtpChannel] No SSRCS
[RtpChannel] No SSRCS
[RtpChannel] No SSRCS
[RtpChannel] No SSRCS
[RtpChannel] No SSRCS
[RtpChannel] No SSRCS
[RtpChannel] No SSRCS
[RtpChannel] No SSRCS
[RtpChannel] No SSRCS
[RtpChannel] No SSRCS
[RtpChannel] No SSRCS
[RtpChannel] No SSRCS
[RtpChannel] No SSRCS
[RtpChannel] No SSRCS
[RtpChannel] No SSRCS
[RtpChannel] No SSRCS
[RtpChannel] No SSRCS
[RtpChannel] No SSRCS
[RtpChannel] No SSRCS
[RtpChannel] No SSRCS
[RtpChannel] No SSRCS
[RtpChannel] No SSRCS
[RtpChannel] No SSRCS
[RtpChannel] No SSRCS
[RtpChannel] No SSRCS
[RtpChannel] No SSRCS
[RtpChannel] No SSRCS
[RtpChannel] No SSRCS
[RtpChannel] No SSRCS
[RtpChannel] No SSRCS
[RtpChannel] No SSRCS
[RtpChannel] No SSRCS
[RtpChannel] No SSRCS
[RtpChannel] No SSRCS
[RtpChannel] No SSRCS
[RtpChannel] No SSRCS
[RtpChannel] No SSRCS
[RtpChannel] No SSRCS
[RtpChannel] No SSRCS
[RtpChannel] No SSRCS
[RtpChannel] No SSRCS
[RtpChannel] No SSRCS
[RtpChannel] No SSRCS
[RtpChannel] No SSRCS
[RtpChannel] No SSRCS
[RtpChannel] No SSRCS
[RtpChannel] No SSRCS
[RtpChannel] No SSRCS
[RtpChannel] No SSRCS
[RtpChannel] No SSRCS
[RtpChannel] No SSRCS
[RtpChannel] No SSRCS
[RtpChannel] No SSRCS
[RtpChannel] No SSRCS
[RtpChannel] No SSRCS
[RtpChannel] No SSRCS
[RtpChannel] No SSRCS
[RtpChannel] No SSRCS
[RtpChannel] No SSRCS
[RtpChannel] No SSRCS
[RtpChannel] No SSRCS
[RtpChannel] No SSRCS
[RtpChannel] No SSRCS
[RtpChannel] No SSRCS
[RtpChannel] No SSRCS
[RtpChannel] No SSRCS
[RtpChannel] No SSRCS
[RtpChannel] No SSRCS
[RtpChannel] No SSRCS
[RtpChannel] No SSRCS
[RtpChannel] No SSRCS
[RtpChannel] No SSRCS
[RtpChannel] No SSRCS
[RtpChannel] No SSRCS
[RtpChannel] No SSRCS
[RtpChannel] No SSRCS
[RtpChannel] No SSRCS
[RtpChannel] No SSRCS
[RtpChannel] No SSRCS
[RtpChannel] No SSRCS
[RtpChannel] No SSRCS
[RtpChannel] No SSRCS
[RtpChannel] No SSRCS
[RtpChannel] No SSRCS
[RtpChannel] No SSRCS
[RtpChannel] No SSRCS
[RtpChannel] No SSRCS
[RtpChannel] No SSRCS
[RtpChannel] No SSRCS
[RtpChannel] No SSRCS
[RtpChannel] No SSRCS
[RtpChannel] No SSRCS
[RtpChannel] No SSRCS
[RtpChannel] No SSRCS
[RtpChannel] No SSRCS
[RtpChannel] No SSRCS
[RtpChannel] No SSRCS
[RtpChannel] No SSRCS
[RtpChannel] No SSRCS
[RtpChannel] No SSRCS
[RtpChannel] No SSRCS
[RtpChannel] No SSRCS
[RtpChannel] No SSRCS
[RtpChannel] No SSRCS
[RtpChannel] No SSRCS
[RtpChannel] No SSRCS
[RtpChannel] No SSRCS
[RtpChannel] No SSRCS
[RtpChannel] No SSRCS
[RtpChannel] No SSRCS
[RtpChannel] No SSRCS
[RtpChannel] No SSRCS
[RtpChannel] No SSRCS
[RtpChannel] No SSRCS
[RtpChannel] No SSRCS
[RtpChannel] No SSRCS
[RtpChannel] No SSRCS
[RtpChannel] No SSRCS
[RtpChannel] No SSRCS
[RtpChannel] No SSRCS
[RtpChannel] No SSRCS
[RtpChannel] No SSRCS
[RtpChannel] No SSRCS
[RtpChannel] No SSRCS
[RtpChannel] No SSRCS
[RtpChannel] No SSRCS
[RtpChannel] No SSRCS
[RtpChannel] No SSRCS
[RtpChannel] No SSRCS
[RtpChannel] No SSRCS
[RtpChannel] No SSRCS
[RtpChannel] No SSRCS
[RtpChannel] No SSRCS
[RtpChannel] No SSRCS
[RtpChannel] No SSRCS
[RtpChannel] No SSRCS
[RtpChannel] No SSRCS
[RtpChannel] No SSRCS
[RtpChannel] No SSRCS
[RtpChannel] MediaService org.jitsi.impl.neomedia.MediaServiceImpl@68e71d73, MediaType audio
[RtpChannel] No SSRCS
[RtpChannel] MediaService org.jitsi.impl.neomedia.MediaServiceImpl@68e71d73, MediaType video
[RtpChannel] No SSRCS
[RtpChannel] No SSRCS
[RtpChannel] No SSRCS
[RtpChannel] No SSRCS
[RtpChannel] No SSRCS
[RtpChannel] No SSRCS
[RtpChannel] No SSRCS
[RtpChannel] No SSRCS
[RtpChannel] No SSRCS
[RtpChannel] No SSRCS
[RtpChannel] No SSRCS
[RtpChannel] No SSRCS
[RtpChannel] No SSRCS
[WARNING] 
java.lang.ArrayIndexOutOfBoundsException: 0
	at org.jitsi.videobridge.SenderController.estimatedBandwidthChanged(SenderController.java:136)
	at org.jitsi.videobridge.SenderController$1.actionPerformed(SenderController.java:56)
	at javax.swing.Timer.fireActionPerformed(Timer.java:313)
	at javax.swing.Timer$DoPostEvent.run(Timer.java:245)
	at java.awt.event.InvocationEvent.dispatch(InvocationEvent.java:311)
	at java.awt.EventQueue.dispatchEventImpl(EventQueue.java:756)
	at java.awt.EventQueue.access$500(EventQueue.java:97)
	at java.awt.EventQueue$3.run(EventQueue.java:709)
	at java.awt.EventQueue$3.run(EventQueue.java:703)
	at java.security.AccessController.doPrivileged(Native Method)
	at java.security.ProtectionDomain$JavaSecurityAccessImpl.doIntersectionPrivilege(ProtectionDomain.java:76)
	at java.awt.EventQueue.dispatchEvent(EventQueue.java:726)
	at java.awt.EventDispatchThread.pumpOneEventForFilters(EventDispatchThread.java:201)
	at java.awt.EventDispatchThread.pumpEventsForFilter(EventDispatchThread.java:116)
	at java.awt.EventDispatchThread.pumpEventsForHierarchy(EventDispatchThread.java:105)
	at java.awt.EventDispatchThread.pumpEvents(EventDispatchThread.java:101)
	at java.awt.EventDispatchThread.pumpEvents(EventDispatchThread.java:93)
	at java.awt.EventDispatchThread.run(EventDispatchThread.java:82)
[RtpChannel] No SSRCS
[RtpChannel] No SSRCS
[RtpChannel] No SSRCS
[RtpChannel] No SSRCS
[RtpChannel] No SSRCS
[RtpChannel] No SSRCS
[RtpChannel] No SSRCS
[RtpChannel] No SSRCS
[RtpChannel] No SSRCS
[RtpChannel] No SSRCS
[RtpChannel] No SSRCS
[RtpChannel] No SSRCS
[RtpChannel] No SSRCS
[RtpChannel] No SSRCS
[RtpChannel] No SSRCS
[RtpChannel] No SSRCS
[RtpChannel] No SSRCS
[RtpChannel] No SSRCS
[RtpChannel] No SSRCS
[RtpChannel] No SSRCS
[RtpChannel] No SSRCS
[RtpChannel] No SSRCS
[RtpChannel] No SSRCS
[RtpChannel] No SSRCS
[RtpChannel] No SSRCS
[RtpChannel] No SSRCS
[RtpChannel] No SSRCS
[RtpChannel] No SSRCS
[RtpChannel] No SSRCS
[RtpChannel] No SSRCS
[RtpChannel] No SSRCS
[RtpChannel] No SSRCS
[RtpChannel] No SSRCS
[RtpChannel] No SSRCS
[RtpChannel] No SSRCS
[RtpChannel] No SSRCS
[RtpChannel] No SSRCS
[RtpChannel] No SSRCS
[RtpChannel] No SSRCS
[RtpChannel] No SSRCS
[RtpChannel] No SSRCS
[RtpChannel] No SSRCS
[RtpChannel] No SSRCS
[RtpChannel] No SSRCS
[RtpChannel] No SSRCS
[RtpChannel] No SSRCS
[RtpChannel] No SSRCS
[RtpChannel] No SSRCS
[RtpChannel] No SSRCS
[RtpChannel] No SSRCS
[RtpChannel] No SSRCS
[RtpChannel] No SSRCS
[RtpChannel] No SSRCS
[RtpChannel] No SSRCS
[RtpChannel] No SSRCS
[RtpChannel] No SSRCS
[RtpChannel] No SSRCS
[RtpChannel] No SSRCS
[RtpChannel] No SSRCS
[RtpChannel] No SSRCS
[RtpChannel] No SSRCS
[RtpChannel] No SSRCS
[RtpChannel] No SSRCS
[RtpChannel] No SSRCS
[RtpChannel] No SSRCS
[RtpChannel] No SSRCS
[RtpChannel] No SSRCS
[RtpChannel] No SSRCS
[RtpChannel] No SSRCS
[RtpChannel] No SSRCS
[RtpChannel] No SSRCS
[RtpChannel] No SSRCS
[RtpChannel] No SSRCS
[RtpChannel] No SSRCS
[RtpChannel] No SSRCS
[RtpChannel] No SSRCS
[RtpChannel] No SSRCS
[RtpChannel] No SSRCS
[RtpChannel] No SSRCS
[RtpChannel] No SSRCS
[RtpChannel] No SSRCS
[RtpChannel] No SSRCS
[RtpChannel] No SSRCS
[RtpChannel] No SSRCS
[RtpChannel] No SSRCS
[RtpChannel] No SSRCS
[RtpChannel] No SSRCS
[RtpChannel] No SSRCS
[RtpChannel] No SSRCS
[RtpChannel] No SSRCS
[RtpChannel] No SSRCS
[RtpChannel] No SSRCS
[RtpChannel] No SSRCS
[RtpChannel] No SSRCS
[RtpChannel] No SSRCS
[RtpChannel] No SSRCS
[RtpChannel] No SSRCS
[RtpChannel] No SSRCS
[RtpChannel] No SSRCS
[RtpChannel] No SSRCS
[RtpChannel] No SSRCS
[RtpChannel] No SSRCS
[RtpChannel] No SSRCS
[RtpChannel] No SSRCS
[RtpChannel] No SSRCS
[RtpChannel] No SSRCS
[RtpChannel] No SSRCS
[RtpChannel] No SSRCS
[RtpChannel] No SSRCS
[RtpChannel] No SSRCS
[RtpChannel] No SSRCS
[RtpChannel] No SSRCS
[RtpChannel] No SSRCS
[RtpChannel] No SSRCS
[RtpChannel] No SSRCS
[RtpChannel] No SSRCS
[RtpChannel] No SSRCS
[RtpChannel] No SSRCS
[RtpChannel] No SSRCS
[RtpChannel] No SSRCS
[RtpChannel] No SSRCS
[RtpChannel] No SSRCS
[RtpChannel] No SSRCS
[RtpChannel] No SSRCS
[RtpChannel] No SSRCS
[RtpChannel] No SSRCS
[RtpChannel] No SSRCS
[RtpChannel] No SSRCS
[RtpChannel] No SSRCS
[RtpChannel] No SSRCS
[RtpChannel] No SSRCS
[RtpChannel] No SSRCS
[RtpChannel] No SSRCS
[RtpChannel] No SSRCS
[RtpChannel] No SSRCS
[RtpChannel] No SSRCS
[RtpChannel] No SSRCS
[RtpChannel] No SSRCS
[RtpChannel] No SSRCS
[RtpChannel] No SSRCS
[RtpChannel] No SSRCS
[RtpChannel] No SSRCS
[RtpChannel] No SSRCS
[RtpChannel] No SSRCS
[RtpChannel] No SSRCS
[RtpChannel] No SSRCS
[RtpChannel] No SSRCS
[RtpChannel] No SSRCS
[RtpChannel] No SSRCS
[RtpChannel] No SSRCS
[RtpChannel] No SSRCS
[RtpChannel] No SSRCS
[RtpChannel] No SSRCS
[RtpChannel] No SSRCS
[RtpChannel] No SSRCS
[RtpChannel] No SSRCS
[RtpChannel] No SSRCS
[RtpChannel] No SSRCS
[RtpChannel] No SSRCS
[RtpChannel] No SSRCS
[RtpChannel] No SSRCS
[RtpChannel] No SSRCS
[RtpChannel] No SSRCS
[RtpChannel] No SSRCS
[RtpChannel] No SSRCS
[RtpChannel] No SSRCS
[RtpChannel] No SSRCS
[RtpChannel] No SSRCS
[RtpChannel] No SSRCS
[RtpChannel] No SSRCS
[RtpChannel] No SSRCS
[RtpChannel] No SSRCS
[RtpChannel] No SSRCS
[RtpChannel] No SSRCS
[RtpChannel] No SSRCS
[RtpChannel] No SSRCS
[RtpChannel] No SSRCS
[RtpChannel] No SSRCS
[RtpChannel] No SSRCS
[RtpChannel] No SSRCS
[RtpChannel] No SSRCS
[RtpChannel] No SSRCS
[RtpChannel] No SSRCS
[RtpChannel] No SSRCS
[RtpChannel] No SSRCS
[RtpChannel] No SSRCS
[RtpChannel] No SSRCS
[RtpChannel] No SSRCS
[RtpChannel] No SSRCS
[RtpChannel] No SSRCS
[RtpChannel] No SSRCS
[RtpChannel] No SSRCS
[RtpChannel] No SSRCS
[RtpChannel] No SSRCS
[RtpChannel] No SSRCS
[RtpChannel] No SSRCS
[RtpChannel] No SSRCS
[RtpChannel] No SSRCS
[RtpChannel] No SSRCS
[RtpChannel] No SSRCS
[RtpChannel] No SSRCS
[RtpChannel] No SSRCS
[RtpChannel] No SSRCS
[RtpChannel] No SSRCS
[RtpChannel] No SSRCS
[RtpChannel] No SSRCS
[RtpChannel] No SSRCS
[RtpChannel] No SSRCS
[RtpChannel] No SSRCS
[RtpChannel] No SSRCS
[RtpChannel] No SSRCS
[RtpChannel] No SSRCS
[RtpChannel] No SSRCS
[RtpChannel] No SSRCS
[RtpChannel] No SSRCS
[RtpChannel] No SSRCS
[RtpChannel] No SSRCS
[RtpChannel] No SSRCS
[RtpChannel] No SSRCS
[RtpChannel] No SSRCS
[RtpChannel] No SSRCS
[RtpChannel] No SSRCS
[RtpChannel] No SSRCS
[RtpChannel] No SSRCS
[RtpChannel] No SSRCS
[RtpChannel] No SSRCS
[RtpChannel] No SSRCS
[RtpChannel] No SSRCS
[RtpChannel] No SSRCS
[RtpChannel] No SSRCS
[RtpChannel] No SSRCS
[RtpChannel] No SSRCS
[RtpChannel] No SSRCS
[RtpChannel] No SSRCS
[RtpChannel] No SSRCS
[RtpChannel] No SSRCS
[RtpChannel] No SSRCS
[RtpChannel] No SSRCS
[RtpChannel] No SSRCS
[RtpChannel] No SSRCS
[RtpChannel] No SSRCS
[RtpChannel] No SSRCS
[RtpChannel] No SSRCS
[RtpChannel] No SSRCS
[RtpChannel] No SSRCS
[RtpChannel] No SSRCS
[RtpChannel] No SSRCS
[RtpChannel] No SSRCS
[RtpChannel] No SSRCS
[RtpChannel] No SSRCS
[RtpChannel] No SSRCS
[RtpChannel] No SSRCS
[RtpChannel] No SSRCS
[RtpChannel] No SSRCS
[RtpChannel] No SSRCS
[RtpChannel] No SSRCS
[RtpChannel] No SSRCS
[RtpChannel] No SSRCS
[RtpChannel] No SSRCS
[RtpChannel] No SSRCS
[RtpChannel] No SSRCS
[RtpChannel] No SSRCS
[RtpChannel] No SSRCS
[RtpChannel] No SSRCS
[RtpChannel] No SSRCS
[RtpChannel] No SSRCS
[RtpChannel] No SSRCS
[RtpChannel] No SSRCS
[RtpChannel] No SSRCS
[RtpChannel] No SSRCS
[RtpChannel] No SSRCS
[RtpChannel] No SSRCS
[RtpChannel] No SSRCS
[RtpChannel] No SSRCS
[RtpChannel] No SSRCS
[RtpChannel] No SSRCS
[RtpChannel] No SSRCS
[RtpChannel] No SSRCS
[RtpChannel] No SSRCS
[RtpChannel] No SSRCS
[RtpChannel] No SSRCS
[RtpChannel] No SSRCS
[RtpChannel] No SSRCS
[RtpChannel] No SSRCS
[RtpChannel] No SSRCS
[RtpChannel] No SSRCS
[RtpChannel] No SSRCS
[RtpChannel] No SSRCS
[RtpChannel] No SSRCS
[RtpChannel] No SSRCS
[RtpChannel] No SSRCS
[RtpChannel] No SSRCS
[RtpChannel] No SSRCS
[RtpChannel] No SSRCS
[RtpChannel] No SSRCS
[RtpChannel] No SSRCS
[RtpChannel] No SSRCS
[RtpChannel] No SSRCS
[RtpChannel] No SSRCS
[RtpChannel] No SSRCS
[RtpChannel] No SSRCS
[RtpChannel] No SSRCS
[RtpChannel] No SSRCS
[RtpChannel] No SSRCS
[RtpChannel] No SSRCS
[RtpChannel] No SSRCS
[RtpChannel] No SSRCS
[RtpChannel] No SSRCS
[RtpChannel] No SSRCS
[RtpChannel] No SSRCS
[RtpChannel] No SSRCS
[RtpChannel] No SSRCS
[RtpChannel] No SSRCS
[RtpChannel] No SSRCS
[RtpChannel] No SSRCS
[RtpChannel] No SSRCS
[RtpChannel] No SSRCS
[RtpChannel] No SSRCS
[RtpChannel] No SSRCS
[RtpChannel] No SSRCS
[RtpChannel] No SSRCS
[RtpChannel] No SSRCS
[RtpChannel] No SSRCS
[RtpChannel] No SSRCS
[RtpChannel] No SSRCS
[RtpChannel] No SSRCS
[RtpChannel] No SSRCS
[RtpChannel] No SSRCS
[RtpChannel] No SSRCS
[RtpChannel] No SSRCS
[RtpChannel] No SSRCS
[RtpChannel] No SSRCS
[RtpChannel] No SSRCS
[RtpChannel] No SSRCS
[RtpChannel] No SSRCS
[RtpChannel] No SSRCS
[RtpChannel] No SSRCS
[RtpChannel] No SSRCS
[RtpChannel] No SSRCS
[RtpChannel] No SSRCS
[RtpChannel] No SSRCS
[RtpChannel] No SSRCS
[RtpChannel] No SSRCS
[RtpChannel] No SSRCS
[RtpChannel] No SSRCS
[RtpChannel] No SSRCS
[RtpChannel] No SSRCS
[RtpChannel] No SSRCS
[RtpChannel] No SSRCS
[RtpChannel] No SSRCS
[RtpChannel] No SSRCS
[RtpChannel] No SSRCS
[RtpChannel] No SSRCS
[RtpChannel] No SSRCS
[RtpChannel] No SSRCS
[RtpChannel] No SSRCS
[RtpChannel] No SSRCS
[RtpChannel] No SSRCS
[RtpChannel] No SSRCS
[RtpChannel] No SSRCS
[RtpChannel] No SSRCS
[RtpChannel] No SSRCS
[RtpChannel] No SSRCS
[RtpChannel] No SSRCS
[RtpChannel] No SSRCS
[RtpChannel] No SSRCS
[RtpChannel] No SSRCS
[RtpChannel] No SSRCS
[RtpChannel] No SSRCS
[RtpChannel] No SSRCS
[RtpChannel] No SSRCS
[RtpChannel] No SSRCS
[RtpChannel] No SSRCS
[RtpChannel] No SSRCS
[RtpChannel] No SSRCS
[RtpChannel] No SSRCS
[RtpChannel] No SSRCS
[RtpChannel] No SSRCS
[RtpChannel] No SSRCS
[RtpChannel] No SSRCS
[RtpChannel] No SSRCS
[RtpChannel] No SSRCS
[RtpChannel] No SSRCS
[RtpChannel] No SSRCS
[RtpChannel] No SSRCS
[RtpChannel] No SSRCS
[RtpChannel] No SSRCS
[RtpChannel] No SSRCS
[RtpChannel] No SSRCS
[RtpChannel] No SSRCS
[RtpChannel] No SSRCS
[RtpChannel] No SSRCS
[RtpChannel] No SSRCS
[RtpChannel] No SSRCS
[RtpChannel] No SSRCS
[RtpChannel] No SSRCS
[RtpChannel] No SSRCS
[RtpChannel] No SSRCS
[RtpChannel] No SSRCS
[RtpChannel] No SSRCS
[RtpChannel] No SSRCS
[RtpChannel] No SSRCS
[RtpChannel] No SSRCS
[RtpChannel] No SSRCS
[RtpChannel] No SSRCS
[RtpChannel] No SSRCS
[RtpChannel] No SSRCS
[RtpChannel] No SSRCS
[RtpChannel] No SSRCS
[RtpChannel] No SSRCS
[RtpChannel] No SSRCS
[RtpChannel] No SSRCS
[RtpChannel] No SSRCS
[RtpChannel] No SSRCS
[RtpChannel] No SSRCS
[RtpChannel] No SSRCS
[RtpChannel] No SSRCS
[RtpChannel] No SSRCS
[RtpChannel] No SSRCS
[RtpChannel] No SSRCS
[RtpChannel] No SSRCS
[RtpChannel] No SSRCS
[RtpChannel] No SSRCS
[RtpChannel] No SSRCS
[RtpChannel] No SSRCS
[RtpChannel] No SSRCS
[RtpChannel] No SSRCS
[RtpChannel] No SSRCS
[RtpChannel] No SSRCS
[RtpChannel] No SSRCS
[RtpChannel] No SSRCS
[RtpChannel] No SSRCS
[RtpChannel] No SSRCS
[RtpChannel] No SSRCS
[RtpChannel] No SSRCS
[RtpChannel] No SSRCS
[RtpChannel] No SSRCS
[RtpChannel] No SSRCS
[RtpChannel] No SSRCS
[RtpChannel] No SSRCS
[RtpChannel] No SSRCS
[RtpChannel] No SSRCS
[RtpChannel] No SSRCS
[RtpChannel] No SSRCS
[RtpChannel] No SSRCS
[RtpChannel] No SSRCS
[RtpChannel] No SSRCS
[RtpChannel] No SSRCS
[RtpChannel] No SSRCS
[RtpChannel] No SSRCS
[RtpChannel] No SSRCS
[RtpChannel] No SSRCS
[RtpChannel] No SSRCS
[RtpChannel] No SSRCS
[RtpChannel] No SSRCS
[RtpChannel] No SSRCS
[RtpChannel] No SSRCS
[RtpChannel] No SSRCS
[RtpChannel] No SSRCS
[RtpChannel] No SSRCS
[RtpChannel] No SSRCS
[RtpChannel] No SSRCS
[RtpChannel] No SSRCS
[RtpChannel] No SSRCS
[RtpChannel] No SSRCS
[RtpChannel] No SSRCS
[RtpChannel] No SSRCS
[RtpChannel] No SSRCS
[RtpChannel] No SSRCS
[RtpChannel] No SSRCS
[RtpChannel] No SSRCS
[RtpChannel] No SSRCS
[RtpChannel] No SSRCS
[RtpChannel] No SSRCS
[RtpChannel] No SSRCS
[RtpChannel] No SSRCS
[RtpChannel] No SSRCS
[RtpChannel] No SSRCS
[RtpChannel] No SSRCS
[RtpChannel] No SSRCS
[RtpChannel] No SSRCS
[RtpChannel] No SSRCS
[RtpChannel] No SSRCS
[RtpChannel] No SSRCS
[RtpChannel] No SSRCS
[RtpChannel] No SSRCS
